<?xml version="1.0" encoding="UTF-8"?>
<!-- Generated by org.testng.reporters.JUnitReportReporter -->
<testsuite hostname="LAPTOP-DJ41I2V2" failures="0" tests="5" name="com.tests.TestNG" time="24.084" errors="0" timestamp="2020-11-07T08:49:40 IST" skipped="0">
  <testcase classname="com.tests.TestNG" name="getUpcomingBikes" time="4.746"/>
  <system-out/>
  <testcase classname="com.tests.TestNG" name="closeApplication" time="1.666"/>
  <system-out/>
  <testcase classname="com.tests.TestNG" name="getDriver" time="5.223"/>
  <system-out/>
  <testcase classname="com.tests.TestNG" name="getGoogleSignIn" time="9.252"/>
  <system-out/>
  <testcase classname="com.tests.TestNG" name="getPopularUsedCars" time="3.197"/>
  <system-out/>
</testsuite> <!-- com.tests.TestNG -->
