<?xml version="1.0" encoding="UTF-8"?>
<!-- Generated by org.testng.reporters.JUnitReportReporter -->
<testsuite hostname="LAPTOP-DJ41I2V2" failures="0" tests="5" name="com.tests.TestNG" time="23.017" errors="0" timestamp="2020-11-07T08:50:15 IST" skipped="0">
  <testcase classname="com.tests.TestNG" name="getGoogleSignIn" time="9.394"/>
  <system-out/>
  <testcase classname="com.tests.TestNG" name="getUpcomingBikes" time="4.231"/>
  <system-out/>
  <testcase classname="com.tests.TestNG" name="getDriver" time="5.192"/>
  <system-out/>
  <testcase classname="com.tests.TestNG" name="getPopularUsedCars" time="2.650"/>
  <system-out/>
  <testcase classname="com.tests.TestNG" name="closeApplication" time="1.550"/>
  <system-out/>
</testsuite> <!-- com.tests.TestNG -->
